<?xml version="1.0" encoding="UTF-8" ?>
<testsuite failures="0" time="1.028" errors="1" skipped="0" tests="1" name="pe.edu.upc.dew.taxiseguro.dao.UsuarioDaoTest">
  <properties>
[...]
</properties>
  <testcase time="0.92" classname="pe.edu.upc.dew.taxiseguro.dao.UsuarioDaoTest" name="elUsuarioConUsernameAdminTieneNombreAdministrador">
    <error message="Error al obtener Connectionf" type="java.lang.IllegalStateException">java.lang.IllegalStateException: Error al obtener Connectionf
	at pe.edu.upc.dew.taxiseguro.util.JdbcUtils.getConnection(JdbcUtils.java:24)
	at pe.edu.upc.dew.taxiseguro.dao.UsuarioWebDaoJdbc.getUsuarioPorUsername(UsuarioWebDaoJdbc.java:16)
	at pe.edu.upc.dew.taxiseguro.dao.UsuarioDaoTest.elUsuarioConUsernameAdminTieneNombreAdministrador(UsuarioDaoTest.java:12)
	at sun.reflect.NativeMethodAccessorImpl.invoke0(Native Method)
	at sun.reflect.NativeMethodAccessorImpl.invoke(NativeMethodAccessorImpl.java:57)
	at sun.reflect.DelegatingMethodAccessorImpl.invoke(DelegatingMethodAccessorImpl.java:43)
	at java.lang.reflect.Method.invoke(Method.java:601)
	at org.junit.runners.model.FrameworkMethod$1.runReflectiveCall(FrameworkMethod.java:44)
	at org.junit.internal.runners.model.ReflectiveCallable.run(ReflectiveCallable.java:15)
	at org.junit.runners.model.FrameworkMethod.invokeExplosively(FrameworkMethod.java:41)
	at org.junit.internal.runners.statements.InvokeMethod.evaluate(InvokeMethod.java:20)
	at org.junit.runners.BlockJUnit4ClassRunner.runChild(BlockJUnit4ClassRunner.java:76)
	at org.junit.runners.BlockJUnit4ClassRunner.runChild(BlockJUnit4ClassRunner.java:50)
	at org.junit.runners.ParentRunner$3.run(ParentRunner.java:193)
	at org.junit.runners.ParentRunner$1.schedule(ParentRunner.java:52)
	at org.junit.runners.ParentRunner.runChildren(ParentRunner.java:191)
	at org.junit.runners.ParentRunner.access$000(ParentRunner.java:42)
	at org.junit.runners.ParentRunner$2.evaluate(ParentRunner.java:184)
	at org.junit.runners.ParentRunner.run(ParentRunner.java:236)
	at org.apache.maven.surefire.junit4.JUnit4TestSet.execute(JUnit4TestSet.java:62)
	at org.apache.maven.surefire.suite.AbstractDirectoryTestSuite.executeTestSet(AbstractDirectoryTestSuite.java:140)
	at org.apache.maven.surefire.suite.AbstractDirectoryTestSuite.execute(AbstractDirectoryTestSuite.java:127)
	at org.apache.maven.surefire.Surefire.run(Surefire.java:177)
	at sun.reflect.NativeMethodAccessorImpl.invoke0(Native Method)
	at sun.reflect.NativeMethodAccessorImpl.invoke(NativeMethodAccessorImpl.java:57)
	at sun.reflect.DelegatingMethodAccessorImpl.invoke(DelegatingMethodAccessorImpl.java:43)
	at java.lang.reflect.Method.invoke(Method.java:601)
	at org.apache.maven.surefire.booter.SurefireBooter.runSuitesInProcess(SurefireBooter.java:338)
	at org.apache.maven.surefire.booter.SurefireBooter.main(SurefireBooter.java:997)
Caused by: java.sql.SQLException: Access denied for user &apos;root&apos;@&apos;localhost&apos; (using password: YES)
	at com.mysql.jdbc.SQLError.createSQLException(SQLError.java:946)
	at com.mysql.jdbc.MysqlIO.checkErrorPacket(MysqlIO.java:2941)
	at com.mysql.jdbc.MysqlIO.checkErrorPacket(MysqlIO.java:868)
	at com.mysql.jdbc.MysqlIO.secureAuth411(MysqlIO.java:3340)
	at com.mysql.jdbc.MysqlIO.doHandshake(MysqlIO.java:1238)
	at com.mysql.jdbc.Connection.createNewIO(Connection.java:2743)
	at com.mysql.jdbc.Connection.&lt;init&gt;(Connection.java:1553)
	at com.mysql.jdbc.NonRegisteringDriver.connect(NonRegisteringDriver.java:266)
	at java.sql.DriverManager.getConnection(DriverManager.java:579)
	at java.sql.DriverManager.getConnection(DriverManager.java:221)
	at pe.edu.upc.dew.taxiseguro.util.JdbcUtils.getConnection(JdbcUtils.java:22)
	... 28 more
</error>
  </testcase>
</testsuite>